<?xml version="1.0" encoding="UTF-8"?>
<testsuite xmlns:xsi="http://www.w3.org/2001/XMLSchema-instance" xsi:noNamespaceSchemaLocation="https://maven.apache.org/surefire/maven-surefire-plugin/xsd/surefire-test-report-3.0.xsd" version="3.0" name="com.example.demo.DemoApplicationTests" time="3.184" tests="1" errors="0" skipped="0" failures="0">
  <properties>
[...]
</properties>
  <testcase name="contextLoads" classname="com.example.demo.DemoApplicationTests" time="0.333">
    <system-out><![CDATA[15:46:55.700 [main] INFO org.springframework.test.context.support.AnnotationConfigContextLoaderUtils -- Could not detect default configuration classes for test class [com.example.demo.DemoApplicationTests]: DemoApplicationTests does not declare any static, non-private, non-final, nested classes annotated with @Configuration.
15:46:55.748 [main] INFO org.springframework.boot.test.context.SpringBootTestContextBootstrapper -- Found @SpringBootConfiguration com.example.DemoApplication for test class com.example.demo.DemoApplicationTests
15:46:55.820 [main] INFO org.springframework.boot.devtools.restart.RestartApplicationListener -- Restart disabled due to context in which it is running

  .   ____          _            __ _ _
 /\\ / ___'_ __ _ _(_)_ __  __ _ \ \ \ \
( ( )\___ | '_ | '_| | '_ \/ _` | \ \ \ \
 \\/  ___)| |_)| | | | | || (_| |  ) ) ) )
  '  |____| .__|_| |_|_| |_\__, | / / / /
 =========|_|==============|___/=/_/_/_/

 :: Spring Boot ::                (v3.3.4)

2024-10-11T15:46:55.949+02:00  INFO 6717 --- [           main] com.example.demo.DemoApplicationTests    : Starting DemoApplicationTests using Java 23 with PID 6717 (started by jesussmariscal in /Users/jesussmariscal/Desktop/Universidad/Cuarto curso/TFG/MyURJC/2024-ReURJC)
2024-10-11T15:46:55.949+02:00  INFO 6717 --- [           main] com.example.demo.DemoApplicationTests    : No active profile set, falling back to 1 default profile: "default"
2024-10-11T15:46:55.965+02:00 DEBUG 6717 --- [           main] o.s.w.c.s.GenericWebApplicationContext   : Refreshing org.springframework.web.context.support.GenericWebApplicationContext@3bb9efbc
2024-10-11T15:46:56.187+02:00  INFO 6717 --- [           main] .s.d.r.c.RepositoryConfigurationDelegate : Bootstrapping Spring Data JPA repositories in DEFAULT mode.
2024-10-11T15:46:56.208+02:00  INFO 6717 --- [           main] .s.d.r.c.RepositoryConfigurationDelegate : Finished Spring Data repository scanning in 17 ms. Found 7 JPA repository interfaces.
2024-10-11T15:46:56.528+02:00  INFO 6717 --- [           main] o.hibernate.jpa.internal.util.LogHelper  : HHH000204: Processing PersistenceUnitInfo [name: default]
2024-10-11T15:46:56.558+02:00  INFO 6717 --- [           main] org.hibernate.Version                    : HHH000412: Hibernate ORM core version 6.5.3.Final
2024-10-11T15:46:56.573+02:00  INFO 6717 --- [           main] o.h.c.internal.RegionFactoryInitiator    : HHH000026: Second-level cache disabled
2024-10-11T15:46:56.710+02:00  INFO 6717 --- [           main] o.s.o.j.p.SpringPersistenceUnitInfo      : No LoadTimeWeaver setup: ignoring JPA class transformer
2024-10-11T15:46:56.723+02:00  INFO 6717 --- [           main] com.zaxxer.hikari.HikariDataSource       : HikariPool-1 - Starting...
2024-10-11T15:46:56.979+02:00  INFO 6717 --- [           main] com.zaxxer.hikari.pool.HikariPool        : HikariPool-1 - Added connection com.mysql.cj.jdbc.ConnectionImpl@164dea80
2024-10-11T15:46:56.980+02:00  INFO 6717 --- [           main] com.zaxxer.hikari.HikariDataSource       : HikariPool-1 - Start completed.
2024-10-11T15:46:57.361+02:00  INFO 6717 --- [           main] o.h.m.i.EntityInstantiatorPojoStandard   : HHH000182: No default (no-argument) constructor for class: com.example.model.Subject_Mark (class must be instantiated by Interceptor)
2024-10-11T15:46:57.382+02:00  INFO 6717 --- [           main] o.h.m.i.EntityInstantiatorPojoStandard   : HHH000182: No default (no-argument) constructor for class: com.example.model.SportReservation (class must be instantiated by Interceptor)
2024-10-11T15:46:57.385+02:00  INFO 6717 --- [           main] o.h.m.i.EntityInstantiatorPojoStandard   : HHH000182: No default (no-argument) constructor for class: com.example.model.News (class must be instantiated by Interceptor)
2024-10-11T15:46:57.393+02:00  INFO 6717 --- [           main] o.h.m.i.EntityInstantiatorPojoStandard   : HHH000182: No default (no-argument) constructor for class: com.example.model.Subject_Schedule (class must be instantiated by Interceptor)
2024-10-11T15:46:57.488+02:00  INFO 6717 --- [           main] o.h.e.t.j.p.i.JtaPlatformInitiator       : HHH000489: No JTA platform available (set 'hibernate.transaction.jta.platform' to enable JTA platform integration)
2024-10-11T15:46:57.493+02:00 DEBUG 6717 --- [           main] org.hibernate.SQL                        : 
    alter table notification 
       drop 
       foreign key FKija0dqnx5c9wj40xxg6fvlfke
2024-10-11T15:46:57.537+02:00 DEBUG 6717 --- [           main] org.hibernate.SQL                        : 
    alter table sport_reservation 
       drop 
       foreign key FKal01t2ygioyiekhwm8oduph3y
2024-10-11T15:46:57.541+02:00 DEBUG 6717 --- [           main] org.hibernate.SQL                        : 
    alter table subject_convocatories 
       drop 
       foreign key FKcln5ndcq36rb2jbo0tjfm5lmq
2024-10-11T15:46:57.544+02:00 DEBUG 6717 --- [           main] org.hibernate.SQL                        : 
    alter table subject_convocatories 
       drop 
       foreign key FK1y0jf2c7vgh3b2vt1x3au8irm
2024-10-11T15:46:57.545+02:00 DEBUG 6717 --- [           main] org.hibernate.SQL                        : 
    alter table subject_mark 
       drop 
       foreign key FK6t454gph29srjoklrt1ovd5ih
2024-10-11T15:46:57.548+02:00 DEBUG 6717 --- [           main] org.hibernate.SQL                        : 
    alter table subject_mark 
       drop 
       foreign key FK1i55npugucd1s4racx26kg6e1
2024-10-11T15:46:57.551+02:00 DEBUG 6717 --- [           main] org.hibernate.SQL                        : 
    alter table subject_schedule 
       drop 
       foreign key FKraklux3iv9ma7cu8ihu6kojs9
2024-10-11T15:46:57.553+02:00 DEBUG 6717 --- [           main] org.hibernate.SQL                        : 
    alter table user_roles 
       drop 
       foreign key FKsiws3mh2m89qed2jpxcbvdrkh
2024-10-11T15:46:57.555+02:00 DEBUG 6717 --- [           main] org.hibernate.SQL                        : 
    alter table user_subject 
       drop 
       foreign key FK8xwdo7i5lavkapi3hf891raea
2024-10-11T15:46:57.557+02:00 DEBUG 6717 --- [           main] org.hibernate.SQL                        : 
    alter table user_subject 
       drop 
       foreign key FKgeg9ud2lpod26abh4x3wxc17k
2024-10-11T15:46:57.559+02:00 DEBUG 6717 --- [           main] org.hibernate.SQL                        : 
    drop table if exists convocatoria
2024-10-11T15:46:57.563+02:00 DEBUG 6717 --- [           main] org.hibernate.SQL                        : 
    drop table if exists convocatoria_seq
2024-10-11T15:46:57.565+02:00 DEBUG 6717 --- [           main] org.hibernate.SQL                        : 
    drop table if exists news
2024-10-11T15:46:57.567+02:00 DEBUG 6717 --- [           main] org.hibernate.SQL                        : 
    drop table if exists news_seq
2024-10-11T15:46:57.568+02:00 DEBUG 6717 --- [           main] org.hibernate.SQL                        : 
    drop table if exists notification
2024-10-11T15:46:57.569+02:00 DEBUG 6717 --- [           main] org.hibernate.SQL                        : 
    drop table if exists notification_seq
2024-10-11T15:46:57.571+02:00 DEBUG 6717 --- [           main] org.hibernate.SQL                        : 
    drop table if exists sport_reservation_seq
2024-10-11T15:46:57.572+02:00 DEBUG 6717 --- [           main] org.hibernate.SQL                        : 
    drop table if exists sport_reservation
2024-10-11T15:46:57.574+02:00 DEBUG 6717 --- [           main] org.hibernate.SQL                        : 
    drop table if exists subject
2024-10-11T15:46:57.575+02:00 DEBUG 6717 --- [           main] org.hibernate.SQL                        : 
    drop table if exists subject_convocatories
2024-10-11T15:46:57.579+02:00 DEBUG 6717 --- [           main] org.hibernate.SQL                        : 
    drop table if exists subject_mark
2024-10-11T15:46:57.581+02:00 DEBUG 6717 --- [           main] org.hibernate.SQL                        : 
    drop table if exists subject_mark_seq
2024-10-11T15:46:57.582+02:00 DEBUG 6717 --- [           main] org.hibernate.SQL                        : 
    drop table if exists subject_schedule
2024-10-11T15:46:57.584+02:00 DEBUG 6717 --- [           main] org.hibernate.SQL                        : 
    drop table if exists subject_schedule_seq
2024-10-11T15:46:57.585+02:00 DEBUG 6717 --- [           main] org.hibernate.SQL                        : 
    drop table if exists user
2024-10-11T15:46:57.587+02:00 DEBUG 6717 --- [           main] org.hibernate.SQL                        : 
    drop table if exists user_roles
2024-10-11T15:46:57.588+02:00 DEBUG 6717 --- [           main] org.hibernate.SQL                        : 
    drop table if exists user_subject
2024-10-11T15:46:57.593+02:00 DEBUG 6717 --- [           main] org.hibernate.SQL                        : 
    create table convocatoria (
        convocatory integer not null,
        convocatoria_id bigint not null,
        classroom varchar(255),
        date varchar(255),
        primary key (convocatoria_id)
    ) engine=InnoDB
2024-10-11T15:46:57.599+02:00 DEBUG 6717 --- [           main] org.hibernate.SQL                        : 
    create table convocatoria_seq (
        next_val bigint
    ) engine=InnoDB
2024-10-11T15:46:57.601+02:00 DEBUG 6717 --- [           main] org.hibernate.SQL                        : 
    insert into convocatoria_seq values ( 1 )
2024-10-11T15:46:57.603+02:00 DEBUG 6717 --- [           main] org.hibernate.SQL                        : 
    create table news (
        news_id bigint not null,
        category varchar(255),
        description varchar(255),
        title varchar(255),
        primary key (news_id)
    ) engine=InnoDB
2024-10-11T15:46:57.606+02:00 DEBUG 6717 --- [           main] org.hibernate.SQL                        : 
    create table news_seq (
        next_val bigint
    ) engine=InnoDB
2024-10-11T15:46:57.608+02:00 DEBUG 6717 --- [           main] org.hibernate.SQL                        : 
    insert into news_seq values ( 1 )
2024-10-11T15:46:57.609+02:00 DEBUG 6717 --- [           main] org.hibernate.SQL                        : 
    create table notification (
        category integer not null,
        notification_id bigint not null,
        student_student_id bigint,
        description varchar(255),
        title varchar(255),
        primary key (notification_id)
    ) engine=InnoDB
2024-10-11T15:46:57.611+02:00 DEBUG 6717 --- [           main] org.hibernate.SQL                        : 
    create table notification_seq (
        next_val bigint
    ) engine=InnoDB
2024-10-11T15:46:57.613+02:00 DEBUG 6717 --- [           main] org.hibernate.SQL                        : 
    insert into notification_seq values ( 1 )
2024-10-11T15:46:57.613+02:00 DEBUG 6717 --- [           main] org.hibernate.SQL                        : 
    create table sport_reservation_seq (
        next_val bigint
    ) engine=InnoDB
2024-10-11T15:46:57.615+02:00 DEBUG 6717 --- [           main] org.hibernate.SQL                        : 
    insert into sport_reservation_seq values ( 1 )
2024-10-11T15:46:57.616+02:00 DEBUG 6717 --- [           main] org.hibernate.SQL                        : 
    create table sport_reservation (
        date date,
        end_hour integer not null,
        start_hour integer not null,
        state bit not null,
        sport_reservation_id bigint not null,
        student_id_student_id bigint,
        primary key (sport_reservation_id)
    ) engine=InnoDB
2024-10-11T15:46:57.618+02:00 DEBUG 6717 --- [           main] org.hibernate.SQL                        : 
    create table subject (
        subject_id bigint not null,
        title varchar(255),
        primary key (subject_id)
    ) engine=InnoDB
2024-10-11T15:46:57.621+02:00 DEBUG 6717 --- [           main] org.hibernate.SQL                        : 
    create table subject_convocatories (
        convocatories_convocatoria_id bigint not null,
        subject_subject_id bigint not null
    ) engine=InnoDB
2024-10-11T15:46:57.623+02:00 DEBUG 6717 --- [           main] org.hibernate.SQL                        : 
    create table subject_mark (
        mark integer not null,
        student_id_student_id bigint,
        subject_id_subject_id bigint,
        subject_mark_id bigint not null,
        convocatory varchar(255),
        primary key (subject_mark_id)
    ) engine=InnoDB
2024-10-11T15:46:57.625+02:00 DEBUG 6717 --- [           main] org.hibernate.SQL                        : 
    create table subject_mark_seq (
        next_val bigint
    ) engine=InnoDB
2024-10-11T15:46:57.627+02:00 DEBUG 6717 --- [           main] org.hibernate.SQL                        : 
    insert into subject_mark_seq values ( 1 )
2024-10-11T15:46:57.628+02:00 DEBUG 6717 --- [           main] org.hibernate.SQL                        : 
    create table subject_schedule (
        day_of_week integer not null,
        end_hour integer not null,
        start_hour integer not null,
        subject_id_subject_id bigint,
        subject_schedule_id bigint not null,
        primary key (subject_schedule_id)
    ) engine=InnoDB
2024-10-11T15:46:57.629+02:00 DEBUG 6717 --- [           main] org.hibernate.SQL                        : 
    create table subject_schedule_seq (
        next_val bigint
    ) engine=InnoDB
2024-10-11T15:46:57.633+02:00 DEBUG 6717 --- [           main] org.hibernate.SQL                        : 
    insert into subject_schedule_seq values ( 1 )
2024-10-11T15:46:57.633+02:00 DEBUG 6717 --- [           main] org.hibernate.SQL                        : 
    create table user (
        is_candidate bit not null,
        votes integer not null,
        student_id bigint not null,
        dni varchar(255),
        email varchar(255),
        name varchar(255),
        password varchar(255),
        surname1 varchar(255),
        surname2 varchar(255),
        photo longblob,
        primary key (student_id)
    ) engine=InnoDB
2024-10-11T15:46:57.636+02:00 DEBUG 6717 --- [           main] org.hibernate.SQL                        : 
    create table user_roles (
        user_student_id bigint not null,
        roles varchar(255)
    ) engine=InnoDB
2024-10-11T15:46:57.638+02:00 DEBUG 6717 --- [           main] org.hibernate.SQL                        : 
    create table user_subject (
        subject_id bigint not null,
        user_id bigint not null
    ) engine=InnoDB
2024-10-11T15:46:57.641+02:00 DEBUG 6717 --- [           main] org.hibernate.SQL                        : 
    alter table sport_reservation 
       add constraint UKh6aohx6blmgxi7n4jpq3dko4l unique (student_id_student_id)
2024-10-11T15:46:57.645+02:00 DEBUG 6717 --- [           main] org.hibernate.SQL                        : 
    alter table subject_convocatories 
       add constraint UK982dr91s43krq5qh47lm8rva5 unique (convocatories_convocatoria_id)
2024-10-11T15:46:57.650+02:00 DEBUG 6717 --- [           main] org.hibernate.SQL                        : 
    alter table notification 
       add constraint FKija0dqnx5c9wj40xxg6fvlfke 
       foreign key (student_student_id) 
       references user (student_id)
2024-10-11T15:46:57.656+02:00 DEBUG 6717 --- [           main] org.hibernate.SQL                        : 
    alter table sport_reservation 
       add constraint FKal01t2ygioyiekhwm8oduph3y 
       foreign key (student_id_student_id) 
       references user (student_id)
2024-10-11T15:46:57.663+02:00 DEBUG 6717 --- [           main] org.hibernate.SQL                        : 
    alter table subject_convocatories 
       add constraint FKcln5ndcq36rb2jbo0tjfm5lmq 
       foreign key (convocatories_convocatoria_id) 
       references convocatoria (convocatoria_id)
2024-10-11T15:46:57.668+02:00 DEBUG 6717 --- [           main] org.hibernate.SQL                        : 
    alter table subject_convocatories 
       add constraint FK1y0jf2c7vgh3b2vt1x3au8irm 
       foreign key (subject_subject_id) 
       references subject (subject_id)
2024-10-11T15:46:57.673+02:00 DEBUG 6717 --- [           main] org.hibernate.SQL                        : 
    alter table subject_mark 
       add constraint FK6t454gph29srjoklrt1ovd5ih 
       foreign key (student_id_student_id) 
       references user (student_id)
2024-10-11T15:46:57.680+02:00 DEBUG 6717 --- [           main] org.hibernate.SQL                        : 
    alter table subject_mark 
       add constraint FK1i55npugucd1s4racx26kg6e1 
       foreign key (subject_id_subject_id) 
       references subject (subject_id)
2024-10-11T15:46:57.687+02:00 DEBUG 6717 --- [           main] org.hibernate.SQL                        : 
    alter table subject_schedule 
       add constraint FKraklux3iv9ma7cu8ihu6kojs9 
       foreign key (subject_id_subject_id) 
       references subject (subject_id)
2024-10-11T15:46:57.697+02:00 DEBUG 6717 --- [           main] org.hibernate.SQL                        : 
    alter table user_roles 
       add constraint FKsiws3mh2m89qed2jpxcbvdrkh 
       foreign key (user_student_id) 
       references user (student_id)
2024-10-11T15:46:57.702+02:00 DEBUG 6717 --- [           main] org.hibernate.SQL                        : 
    alter table user_subject 
       add constraint FK8xwdo7i5lavkapi3hf891raea 
       foreign key (subject_id) 
       references subject (subject_id)
2024-10-11T15:46:57.707+02:00 DEBUG 6717 --- [           main] org.hibernate.SQL                        : 
    alter table user_subject 
       add constraint FKgeg9ud2lpod26abh4x3wxc17k 
       foreign key (user_id) 
       references user (student_id)
2024-10-11T15:46:57.715+02:00  INFO 6717 --- [           main] j.LocalContainerEntityManagerFactoryBean : Initialized JPA EntityManagerFactory for persistence unit 'default'
2024-10-11T15:46:57.883+02:00 DEBUG 6717 --- [           main] org.hibernate.SQL                        : 
    select
        s1_0.subject_id,
        s1_0.title,
        c1_0.subject_subject_id,
        c1_1.convocatoria_id,
        c1_1.classroom,
        c1_1.convocatory,
        c1_1.date 
    from
        subject s1_0 
    left join
        subject_convocatories c1_0 
            on s1_0.subject_id=c1_0.subject_subject_id 
    left join
        convocatoria c1_1 
            on c1_1.convocatoria_id=c1_0.convocatories_convocatoria_id 
    where
        s1_0.subject_id=?
2024-10-11T15:46:57.897+02:00 DEBUG 6717 --- [           main] org.hibernate.SQL                        : 
    select
        next_val as id_val 
    from
        convocatoria_seq for update
2024-10-11T15:46:57.898+02:00 DEBUG 6717 --- [           main] org.hibernate.SQL                        : 
    update
        convocatoria_seq 
    set
        next_val= ? 
    where
        next_val=?
2024-10-11T15:46:57.900+02:00 DEBUG 6717 --- [           main] org.hibernate.SQL                        : 
    select
        next_val as id_val 
    from
        convocatoria_seq for update
2024-10-11T15:46:57.901+02:00 DEBUG 6717 --- [           main] org.hibernate.SQL                        : 
    update
        convocatoria_seq 
    set
        next_val= ? 
    where
        next_val=?
2024-10-11T15:46:57.902+02:00 DEBUG 6717 --- [           main] org.hibernate.SQL                        : 
    select
        s1_0.subject_id,
        s1_0.title,
        c1_0.subject_subject_id,
        c1_1.convocatoria_id,
        c1_1.classroom,
        c1_1.convocatory,
        c1_1.date 
    from
        subject s1_0 
    left join
        subject_convocatories c1_0 
            on s1_0.subject_id=c1_0.subject_subject_id 
    left join
        convocatoria c1_1 
            on c1_1.convocatoria_id=c1_0.convocatories_convocatoria_id 
    where
        s1_0.subject_id=?
2024-10-11T15:46:57.903+02:00 DEBUG 6717 --- [           main] org.hibernate.SQL                        : 
    select
        s1_0.subject_id,
        s1_0.title,
        c1_0.subject_subject_id,
        c1_1.convocatoria_id,
        c1_1.classroom,
        c1_1.convocatory,
        c1_1.date 
    from
        subject s1_0 
    left join
        subject_convocatories c1_0 
            on s1_0.subject_id=c1_0.subject_subject_id 
    left join
        convocatoria c1_1 
            on c1_1.convocatoria_id=c1_0.convocatories_convocatoria_id 
    where
        s1_0.subject_id=?
2024-10-11T15:46:57.909+02:00 DEBUG 6717 --- [           main] org.hibernate.SQL                        : 
    insert 
    into
        subject
        (title, subject_id) 
    values
        (?, ?)
2024-10-11T15:46:57.911+02:00 DEBUG 6717 --- [           main] org.hibernate.SQL                        : 
    insert 
    into
        convocatoria
        (classroom, convocatory, date, convocatoria_id) 
    values
        (?, ?, ?, ?)
2024-10-11T15:46:57.911+02:00 DEBUG 6717 --- [           main] org.hibernate.SQL                        : 
    insert 
    into
        convocatoria
        (classroom, convocatory, date, convocatoria_id) 
    values
        (?, ?, ?, ?)
2024-10-11T15:46:57.911+02:00 DEBUG 6717 --- [           main] org.hibernate.SQL                        : 
    insert 
    into
        subject
        (title, subject_id) 
    values
        (?, ?)
2024-10-11T15:46:57.912+02:00 DEBUG 6717 --- [           main] org.hibernate.SQL                        : 
    insert 
    into
        subject
        (title, subject_id) 
    values
        (?, ?)
2024-10-11T15:46:57.913+02:00 DEBUG 6717 --- [           main] org.hibernate.SQL                        : 
    insert 
    into
        subject_convocatories
        (subject_subject_id, convocatories_convocatoria_id) 
    values
        (?, ?)
2024-10-11T15:46:57.914+02:00 DEBUG 6717 --- [           main] org.hibernate.SQL                        : 
    insert 
    into
        subject_convocatories
        (subject_subject_id, convocatories_convocatoria_id) 
    values
        (?, ?)
2024-10-11T15:46:58.063+02:00 DEBUG 6717 --- [           main] org.hibernate.SQL                        : 
    select
        u1_0.student_id,
        u1_0.dni,
        u1_0.email,
        u1_0.is_candidate,
        u1_0.name,
        u1_0.password,
        u1_0.photo,
        u1_0.surname1,
        u1_0.surname2,
        u1_0.votes,
        r1_0.user_student_id,
        r1_0.roles 
    from
        user u1_0 
    left join
        user_roles r1_0 
            on u1_0.student_id=r1_0.user_student_id 
    where
        u1_0.student_id=?
2024-10-11T15:46:58.066+02:00 DEBUG 6717 --- [           main] org.hibernate.SQL                        : 
    select
        s1_0.subject_id,
        s1_0.title 
    from
        subject s1_0 
    where
        s1_0.subject_id=?
2024-10-11T15:46:58.069+02:00 DEBUG 6717 --- [           main] org.hibernate.SQL                        : 
    select
        s1_0.subject_id,
        s1_0.title 
    from
        subject s1_0 
    where
        s1_0.subject_id=?
2024-10-11T15:46:58.069+02:00 DEBUG 6717 --- [           main] org.hibernate.SQL                        : 
    select
        u1_0.student_id,
        u1_0.dni,
        u1_0.email,
        u1_0.is_candidate,
        u1_0.name,
        u1_0.password,
        u1_0.photo,
        u1_0.surname1,
        u1_0.surname2,
        u1_0.votes,
        r1_0.user_student_id,
        r1_0.roles 
    from
        user u1_0 
    left join
        user_roles r1_0 
            on u1_0.student_id=r1_0.user_student_id 
    where
        u1_0.student_id=?
2024-10-11T15:46:58.070+02:00 DEBUG 6717 --- [           main] org.hibernate.SQL                        : 
    select
        s1_0.subject_id,
        s1_0.title 
    from
        subject s1_0 
    where
        s1_0.subject_id=?
2024-10-11T15:46:58.072+02:00 DEBUG 6717 --- [           main] org.hibernate.SQL                        : 
    insert 
    into
        user
        (dni, email, is_candidate, name, password, photo, surname1, surname2, votes, student_id) 
    values
        (?, ?, ?, ?, ?, ?, ?, ?, ?, ?)
2024-10-11T15:46:58.072+02:00 DEBUG 6717 --- [           main] org.hibernate.SQL                        : 
    insert 
    into
        user
        (dni, email, is_candidate, name, password, photo, surname1, surname2, votes, student_id) 
    values
        (?, ?, ?, ?, ?, ?, ?, ?, ?, ?)
2024-10-11T15:46:58.078+02:00 DEBUG 6717 --- [           main] org.hibernate.SQL                        : 
    insert 
    into
        user_subject
        (user_id, subject_id) 
    values
        (?, ?)
2024-10-11T15:46:58.079+02:00 DEBUG 6717 --- [           main] org.hibernate.SQL                        : 
    insert 
    into
        user_subject
        (user_id, subject_id) 
    values
        (?, ?)
2024-10-11T15:46:58.079+02:00 DEBUG 6717 --- [           main] org.hibernate.SQL                        : 
    insert 
    into
        user_subject
        (user_id, subject_id) 
    values
        (?, ?)
2024-10-11T15:46:58.080+02:00 DEBUG 6717 --- [           main] org.hibernate.SQL                        : 
    insert 
    into
        user_roles
        (user_student_id, roles) 
    values
        (?, ?)
2024-10-11T15:46:58.080+02:00 DEBUG 6717 --- [           main] org.hibernate.SQL                        : 
    insert 
    into
        user_roles
        (user_student_id, roles) 
    values
        (?, ?)
2024-10-11T15:46:58.098+02:00  INFO 6717 --- [           main] eAuthenticationProviderManagerConfigurer : Global AuthenticationManager configured with AuthenticationProvider bean with name authenticationProvider
2024-10-11T15:46:58.099+02:00  WARN 6717 --- [           main] r$InitializeUserDetailsManagerConfigurer : Global AuthenticationManager configured with an AuthenticationProvider bean. UserDetailsService beans will not be used for username/password login. Consider removing the AuthenticationProvider bean. Alternatively, consider using the UserDetailsService in a manually instantiated DaoAuthenticationProvider.
2024-10-11T15:46:58.145+02:00  WARN 6717 --- [           main] JpaBaseConfiguration$JpaWebConfiguration : spring.jpa.open-in-view is enabled by default. Therefore, database queries may be performed during view rendering. Explicitly configure spring.jpa.open-in-view to disable this warning
2024-10-11T15:46:58.207+02:00 DEBUG 6717 --- [           main] s.w.s.m.m.a.RequestMappingHandlerMapping : 9 mappings in 'requestMappingHandlerMapping'
2024-10-11T15:46:58.261+02:00 DEBUG 6717 --- [           main] o.s.w.s.handler.SimpleUrlHandlerMapping  : Patterns [/webjars/**, /**, /swagger-ui*/*swagger-initializer.js, /swagger-ui*/**] in 'resourceHandlerMapping'
2024-10-11T15:46:58.279+02:00 DEBUG 6717 --- [           main] o.s.s.web.DefaultSecurityFilterChain     : Will secure Or [Mvc [pattern='/api/**']] with filters: DisableEncodeUrlFilter, WebAsyncManagerIntegrationFilter, SecurityContextHolderFilter, HeaderWriterFilter, CorsFilter, LogoutFilter, JwtRequestFilter, RequestCacheAwareFilter, SecurityContextHolderAwareRequestFilter, AnonymousAuthenticationFilter, SessionManagementFilter, ExceptionTranslationFilter, AuthorizationFilter
2024-10-11T15:46:58.371+02:00 DEBUG 6717 --- [           main] s.w.s.m.m.a.RequestMappingHandlerAdapter : ControllerAdvice beans: 0 @ModelAttribute, 0 @InitBinder, 1 RequestBodyAdvice, 1 ResponseBodyAdvice
2024-10-11T15:46:58.386+02:00 DEBUG 6717 --- [           main] .m.m.a.ExceptionHandlerExceptionResolver : ControllerAdvice beans: 1 @ExceptionHandler, 1 ResponseBodyAdvice
2024-10-11T15:46:58.393+02:00  WARN 6717 --- [           main] o.s.b.a.m.MustacheAutoConfiguration      : Cannot find template location: classpath:/templates/ (please add some templates, check your Mustache configuration, or set spring.mustache.check-template-location=false)
2024-10-11T15:46:58.460+02:00  INFO 6717 --- [           main] com.example.demo.DemoApplicationTests    : Started DemoApplicationTests in 2.645 seconds (process running for 3.091)
]]></system-out>
    <system-err><![CDATA[WARNING: A Java agent has been loaded dynamically (/Users/jesussmariscal/.m2/repository/net/bytebuddy/byte-buddy-agent/1.14.19/byte-buddy-agent-1.14.19.jar)
WARNING: If a serviceability tool is in use, please run with -XX:+EnableDynamicAgentLoading to hide this warning
WARNING: If a serviceability tool is not in use, please run with -Djdk.instrument.traceUsage for more information
WARNING: Dynamic loading of agents will be disallowed by default in a future release
]]></system-err>
  </testcase>
</testsuite>